<?xml version="1.0" encoding="UTF-8"?>
<testng-results ignored="0" total="1" passed="1" failed="0" skipped="0">
  <reporter-output>
  </reporter-output>
  <suite started-at="2022-09-28T17:05:00 IST" name="Default suite" finished-at="2022-09-28T17:06:09 IST" duration-ms="69345">
    <groups>
    </groups>
    <test started-at="2022-09-28T17:05:00 IST" name="Default test" finished-at="2022-09-28T17:06:09 IST" duration-ms="69345">
      <class name="actionClass.actoinMethod">
        <test-method is-config="true" signature="setup()[pri:0, instance:actionClass.actoinMethod@2e3967ea]" started-at="2022-09-28T17:05:00 IST" name="setup" finished-at="2022-09-28T17:05:12 IST" duration-ms="11759" status="PASS">
          <reporter-output>
          </reporter-output>
        </test-method> <!-- setup -->
        <test-method signature="customer()[pri:0, instance:actionClass.actoinMethod@2e3967ea]" started-at="2022-09-28T17:05:12 IST" name="customer" finished-at="2022-09-28T17:06:06 IST" duration-ms="53737" status="PASS">
          <reporter-output>
          </reporter-output>
        </test-method> <!-- customer -->
        <test-method is-config="true" signature="destory()[pri:0, instance:actionClass.actoinMethod@2e3967ea]" started-at="2022-09-28T17:06:06 IST" name="destory" finished-at="2022-09-28T17:06:09 IST" duration-ms="3653" status="PASS">
          <reporter-output>
          </reporter-output>
        </test-method> <!-- destory -->
      </class> <!-- actionClass.actoinMethod -->
    </test> <!-- Default test -->
  </suite> <!-- Default suite -->
</testng-results>
